<?xml version="1.0" encoding="UTF-8"?><testsuite name="nosetests" tests="7" errors="0" failures="0" skip="0"><testcase classname="ebooks.users.tests.tests_user_views.UsersView" name="test_get_current_user" time="0.574"></testcase><testcase classname="ebooks.users.tests.tests_user_views.UsersView" name="test_get_current_user_unauntheticated_fails" time="0.020"></testcase><testcase classname="ebooks.users.tests.tests_user_views.UsersView" name="test_update_books_user_should_not_update_books" time="0.050"></testcase><testcase classname="ebooks.users.tests.tests_user_views.UsersView" name="test_update_tags_user_info_should_work" time="0.077"></testcase><testcase classname="ebooks.users.tests.tests_user_views.UsersView" name="test_update_user_info_should_work" time="0.075"></testcase><testcase classname="ebooks.users.tests.tests_user_views.UsersView" name="test_update_user_info_with_put_should_return_not_allowed" time="0.019"></testcase><testcase classname="ebooks.users.tests.tests_user_views.UsersView" name="test_user_collection" time="0.041"></testcase></testsuite>